2024-05-21 10:36:15,068 - INFO - Starting conversion: /Users/peterfaso/Desktop/PlanetEarth3/Planet.Earth.III.S01E05.mkv -> /Users/peterfaso/Desktop/PlanetEarth3/Planet.Earth.III.S01E05.mp4
2024-05-21 10:36:15,137 - INFO - Starting conversion: /Users/peterfaso/Desktop/PlanetEarth3/Planet.Earth.III.S01E07.mkv -> /Users/peterfaso/Desktop/PlanetEarth3/Planet.Earth.III.S01E07.mp4
2024-05-21 10:36:15,150 - INFO - Starting conversion: /Users/peterfaso/Desktop/PlanetEarth3/Planet.Earth.III.S01E02.mkv -> /Users/peterfaso/Desktop/PlanetEarth3/Planet.Earth.III.S01E02.mp4
2024-05-21 10:36:15,160 - INFO - Starting conversion: /Users/peterfaso/Desktop/PlanetEarth3/Planet.Earth.III.S01E03.mkv -> /Users/peterfaso/Desktop/PlanetEarth3/Planet.Earth.III.S01E03.mp4
2024-05-21 10:36:15,173 - INFO - Starting conversion: /Users/peterfaso/Desktop/PlanetEarth3/Planet.Earth.III.S01E06.mkv -> /Users/peterfaso/Desktop/PlanetEarth3/Planet.Earth.III.S01E06.mp4
2024-05-21 10:36:15,190 - INFO - Starting conversion: /Users/peterfaso/Desktop/PlanetEarth3/Planet.Earth.III.S01E08.mkv -> /Users/peterfaso/Desktop/PlanetEarth3/Planet.Earth.III.S01E08.mp4
2024-05-21 10:36:15,198 - INFO - Starting conversion: /Users/peterfaso/Desktop/PlanetEarth3/Planet.Earth.III.S01E04.mkv -> /Users/peterfaso/Desktop/PlanetEarth3/Planet.Earth.III.S01E04.mp4
2024-05-21 10:36:15,686 - ERROR - Error occurred: invalid literal for int() with base 10: 'N/A'
2024-05-21 10:36:17,178 - ERROR - Error occurred: invalid literal for int() with base 10: 'N/A'
2024-05-21 10:36:17,370 - ERROR - Error occurred: invalid literal for int() with base 10: 'N/A'
2024-05-21 10:36:17,437 - ERROR - Error occurred: invalid literal for int() with base 10: 'N/A'
2024-05-21 10:36:18,167 - ERROR - Error occurred: invalid literal for int() with base 10: 'N/A'
2024-05-21 10:36:18,720 - ERROR - Error occurred: invalid literal for int() with base 10: 'N/A'
2024-05-21 10:36:18,847 - ERROR - Error occurred: invalid literal for int() with base 10: 'N/A'
2024-05-21 10:39:58,677 - INFO - Starting conversion: /Users/peterfaso/Desktop/PlanetEarth3/Planet.Earth.III.S01E05.mkv -> /Users/peterfaso/Desktop/PlanetEarth3/Output/Planet.Earth.III.S01E05.mp4
2024-05-21 10:39:58,776 - INFO - Starting conversion: /Users/peterfaso/Desktop/PlanetEarth3/Planet.Earth.III.S01E06.mkv -> /Users/peterfaso/Desktop/PlanetEarth3/Output/Planet.Earth.III.S01E06.mp4
2024-05-21 10:39:58,794 - INFO - Starting conversion: /Users/peterfaso/Desktop/PlanetEarth3/Planet.Earth.III.S01E03.mkv -> /Users/peterfaso/Desktop/PlanetEarth3/Output/Planet.Earth.III.S01E03.mp4
2024-05-21 10:39:58,794 - INFO - Starting conversion: /Users/peterfaso/Desktop/PlanetEarth3/Planet.Earth.III.S01E02.mkv -> /Users/peterfaso/Desktop/PlanetEarth3/Output/Planet.Earth.III.S01E02.mp4
2024-05-21 10:39:58,794 - INFO - Starting conversion: /Users/peterfaso/Desktop/PlanetEarth3/Planet.Earth.III.S01E07.mkv -> /Users/peterfaso/Desktop/PlanetEarth3/Output/Planet.Earth.III.S01E07.mp4
2024-05-21 10:39:58,803 - INFO - Starting conversion: /Users/peterfaso/Desktop/PlanetEarth3/Planet.Earth.III.S01E04.mkv -> /Users/peterfaso/Desktop/PlanetEarth3/Output/Planet.Earth.III.S01E04.mp4
2024-05-21 10:39:58,813 - INFO - Starting conversion: /Users/peterfaso/Desktop/PlanetEarth3/Planet.Earth.III.S01E08.mkv -> /Users/peterfaso/Desktop/PlanetEarth3/Output/Planet.Earth.III.S01E08.mp4
2024-05-21 10:39:58,865 - INFO - Starting conversion: /Users/peterfaso/Desktop/PlanetEarth3/Planet.Earth.III.S01E01.mkv -> /Users/peterfaso/Desktop/PlanetEarth3/Output/Planet.Earth.III.S01E01.mp4
2024-05-21 10:39:59,904 - WARNING - Invalid progress value: N/A
2024-05-21 10:40:00,397 - WARNING - Invalid progress value: N/A
2024-05-21 10:40:00,496 - WARNING - Invalid progress value: N/A
2024-05-21 10:40:00,693 - WARNING - Invalid progress value: N/A
2024-05-21 10:40:00,891 - WARNING - Invalid progress value: N/A
2024-05-21 10:40:01,000 - WARNING - Invalid progress value: N/A
2024-05-21 10:40:01,037 - WARNING - Invalid progress value: N/A
2024-05-21 10:40:01,194 - WARNING - Invalid progress value: N/A
2024-05-21 10:40:01,416 - WARNING - Invalid progress value: N/A
2024-05-21 10:40:01,501 - WARNING - Invalid progress value: N/A
2024-05-21 10:40:01,507 - WARNING - Invalid progress value: N/A
2024-05-21 10:40:01,538 - WARNING - Invalid progress value: N/A
2024-05-21 10:40:01,655 - WARNING - Invalid progress value: N/A
2024-05-21 10:40:01,708 - WARNING - Invalid progress value: N/A
2024-05-21 10:40:01,949 - WARNING - Invalid progress value: N/A
2024-05-21 10:40:02,007 - WARNING - Invalid progress value: N/A
2024-05-21 10:40:02,010 - WARNING - Invalid progress value: N/A
2024-05-21 10:40:02,046 - WARNING - Invalid progress value: N/A
2024-05-21 10:40:02,170 - WARNING - Invalid progress value: N/A
2024-05-21 10:40:02,219 - WARNING - Invalid progress value: N/A
2024-05-21 10:40:02,414 - WARNING - Invalid progress value: N/A
2024-05-21 10:40:02,509 - WARNING - Invalid progress value: N/A
2024-05-21 10:40:02,511 - WARNING - Invalid progress value: N/A
2024-05-21 10:40:02,545 - WARNING - Invalid progress value: N/A
2024-05-21 10:40:02,680 - WARNING - Invalid progress value: N/A
2024-05-21 10:40:02,732 - WARNING - Invalid progress value: N/A
2024-05-21 10:40:02,924 - WARNING - Invalid progress value: N/A
2024-05-21 10:40:03,010 - WARNING - Invalid progress value: N/A
2024-05-21 10:40:03,020 - WARNING - Invalid progress value: N/A
2024-05-21 10:40:03,050 - WARNING - Invalid progress value: N/A
2024-05-21 10:40:03,182 - WARNING - Invalid progress value: N/A
2024-05-21 10:40:03,235 - WARNING - Invalid progress value: N/A
2024-05-21 10:40:03,465 - WARNING - Invalid progress value: N/A
2024-05-21 10:40:03,522 - WARNING - Invalid progress value: N/A
2024-05-21 10:40:03,524 - WARNING - Invalid progress value: N/A
2024-05-21 10:40:03,552 - WARNING - Invalid progress value: N/A
2024-05-21 10:40:03,683 - WARNING - Invalid progress value: N/A
2024-05-21 10:40:03,736 - WARNING - Invalid progress value: N/A
2024-05-21 10:40:03,768 - WARNING - Invalid progress value: N/A
2024-05-21 10:40:03,968 - WARNING - Invalid progress value: N/A
2024-05-21 10:40:04,020 - WARNING - Invalid progress value: N/A
2024-05-21 10:40:04,025 - WARNING - Invalid progress value: N/A
2024-05-21 10:40:04,058 - WARNING - Invalid progress value: N/A
2024-05-21 10:40:04,189 - WARNING - Invalid progress value: N/A
2024-05-21 10:40:04,244 - WARNING - Invalid progress value: N/A
2024-05-21 10:40:04,273 - WARNING - Invalid progress value: N/A
2024-05-21 10:40:04,278 - WARNING - Invalid progress value: N/A
2024-05-21 10:40:04,455 - WARNING - Invalid progress value: N/A
2024-05-21 10:40:04,529 - WARNING - Invalid progress value: N/A
2024-05-21 10:40:04,539 - WARNING - Invalid progress value: N/A
2024-05-21 10:40:04,570 - WARNING - Invalid progress value: N/A
2024-05-21 10:40:04,695 - WARNING - Invalid progress value: N/A
2024-05-21 10:40:04,754 - WARNING - Invalid progress value: N/A
2024-05-21 10:40:04,776 - WARNING - Invalid progress value: N/A
2024-05-21 10:40:04,776 - WARNING - Invalid progress value: N/A
2024-05-21 10:40:04,964 - WARNING - Invalid progress value: N/A
2024-05-21 10:40:05,026 - WARNING - Invalid progress value: N/A
2024-05-21 10:40:05,030 - WARNING - Invalid progress value: N/A
2024-05-21 10:40:05,078 - WARNING - Invalid progress value: N/A
2024-05-21 10:40:05,212 - WARNING - Invalid progress value: N/A
2024-05-21 10:40:05,257 - WARNING - Invalid progress value: N/A
2024-05-21 10:40:05,280 - WARNING - Invalid progress value: N/A
2024-05-21 10:40:05,284 - WARNING - Invalid progress value: N/A
2024-05-21 10:40:05,465 - WARNING - Invalid progress value: N/A
2024-05-21 10:40:05,530 - WARNING - Invalid progress value: N/A
2024-05-21 10:40:05,540 - WARNING - Invalid progress value: N/A
2024-05-21 10:40:05,579 - WARNING - Invalid progress value: N/A
2024-05-21 10:40:05,750 - WARNING - Invalid progress value: N/A
2024-05-21 10:40:05,764 - WARNING - Invalid progress value: N/A
2024-05-21 10:40:05,783 - WARNING - Invalid progress value: N/A
2024-05-21 10:40:05,789 - WARNING - Invalid progress value: N/A
2024-05-21 10:40:06,017 - WARNING - Invalid progress value: N/A
2024-05-21 10:40:06,068 - WARNING - Invalid progress value: N/A
2024-05-21 10:40:06,080 - WARNING - Invalid progress value: N/A
2024-05-21 10:40:06,098 - WARNING - Invalid progress value: N/A
2024-05-21 10:40:06,258 - WARNING - Invalid progress value: N/A
2024-05-21 10:40:06,275 - WARNING - Invalid progress value: N/A
2024-05-21 10:40:06,298 - WARNING - Invalid progress value: N/A
2024-05-21 10:40:06,312 - WARNING - Invalid progress value: N/A
2024-05-21 10:40:06,510 - WARNING - Invalid progress value: N/A
2024-05-21 10:40:06,550 - WARNING - Invalid progress value: N/A
2024-05-21 10:40:06,558 - WARNING - Invalid progress value: N/A
2024-05-21 10:40:06,619 - WARNING - Invalid progress value: N/A
2024-05-21 10:40:06,749 - WARNING - Invalid progress value: N/A
2024-05-21 10:40:06,782 - WARNING - Invalid progress value: N/A
2024-05-21 10:40:06,806 - WARNING - Invalid progress value: N/A
2024-05-21 10:40:06,818 - WARNING - Invalid progress value: N/A
2024-05-21 10:40:07,027 - WARNING - Invalid progress value: N/A
2024-05-21 10:40:07,065 - WARNING - Invalid progress value: N/A
2024-05-21 10:40:07,079 - WARNING - Invalid progress value: N/A
2024-05-21 10:40:07,129 - WARNING - Invalid progress value: N/A
2024-05-21 10:40:07,254 - WARNING - Invalid progress value: N/A
2024-05-21 10:40:07,284 - WARNING - Invalid progress value: N/A
2024-05-21 10:40:07,310 - WARNING - Invalid progress value: N/A
2024-05-21 10:40:07,312 - WARNING - Invalid progress value: N/A
2024-05-21 10:40:07,511 - WARNING - Invalid progress value: N/A
2024-05-21 10:40:07,568 - WARNING - Invalid progress value: N/A
2024-05-21 10:40:07,573 - WARNING - Invalid progress value: N/A
2024-05-21 10:40:07,632 - WARNING - Invalid progress value: N/A
2024-05-21 10:40:07,755 - WARNING - Invalid progress value: N/A
2024-05-21 10:40:07,796 - WARNING - Invalid progress value: N/A
2024-05-21 10:40:07,810 - WARNING - Invalid progress value: N/A
2024-05-21 10:40:07,824 - WARNING - Invalid progress value: N/A
2024-05-21 10:40:08,018 - WARNING - Invalid progress value: N/A
2024-05-21 10:40:08,060 - WARNING - Invalid progress value: N/A
2024-05-21 10:40:08,075 - WARNING - Invalid progress value: N/A
2024-05-21 10:40:08,139 - WARNING - Invalid progress value: N/A
2024-05-21 10:40:08,248 - WARNING - Invalid progress value: N/A
2024-05-21 10:40:08,303 - WARNING - Invalid progress value: N/A
2024-05-21 10:40:08,315 - WARNING - Invalid progress value: N/A
2024-05-21 10:40:08,330 - WARNING - Invalid progress value: N/A
2024-05-21 10:40:08,512 - WARNING - Invalid progress value: N/A
2024-05-21 10:40:08,564 - WARNING - Invalid progress value: N/A
2024-05-21 10:40:08,580 - WARNING - Invalid progress value: N/A
2024-05-21 10:40:08,641 - WARNING - Invalid progress value: N/A
2024-05-21 10:40:08,759 - WARNING - Invalid progress value: N/A
2024-05-21 10:40:08,813 - WARNING - Invalid progress value: N/A
2024-05-21 10:40:08,835 - WARNING - Invalid progress value: N/A
2024-05-21 10:40:08,857 - WARNING - Invalid progress value: N/A
2024-05-21 10:40:09,013 - WARNING - Invalid progress value: N/A
2024-05-21 10:40:09,071 - WARNING - Invalid progress value: N/A
2024-05-21 10:40:09,085 - WARNING - Invalid progress value: N/A
2024-05-21 10:40:09,145 - WARNING - Invalid progress value: N/A
2024-05-21 10:40:10,530 - WARNING - Invalid progress value: N/A
2024-05-21 10:40:09,313 - WARNING - Invalid progress value: N/A
2024-05-21 10:40:10,530 - WARNING - Invalid progress value: N/A
2024-05-21 10:40:10,530 - WARNING - Invalid progress value: N/A
2024-05-21 10:40:10,091 - WARNING - Invalid progress value: N/A
2024-05-21 10:40:10,531 - WARNING - Invalid progress value: N/A
2024-05-21 10:40:10,531 - WARNING - Invalid progress value: N/A
2024-05-21 10:40:09,259 - WARNING - Invalid progress value: N/A
2024-05-21 10:40:09,661 - WARNING - Invalid progress value: N/A
2024-05-21 10:40:10,533 - WARNING - Invalid progress value: N/A
2024-05-21 10:40:10,533 - WARNING - Invalid progress value: N/A
2024-05-21 10:40:10,531 - WARNING - Invalid progress value: N/A
2024-05-21 10:40:10,524 - WARNING - Invalid progress value: N/A
2024-05-21 10:40:10,536 - WARNING - Invalid progress value: N/A
2024-05-21 10:40:10,530 - WARNING - Invalid progress value: N/A
2024-05-21 10:40:10,521 - WARNING - Invalid progress value: N/A
2024-05-21 10:40:10,540 - WARNING - Invalid progress value: N/A
2024-05-21 10:40:10,538 - WARNING - Invalid progress value: N/A
2024-05-21 10:40:10,517 - WARNING - Invalid progress value: N/A
2024-05-21 10:40:10,544 - WARNING - Invalid progress value: N/A
2024-05-21 10:40:10,544 - WARNING - Invalid progress value: N/A
2024-05-21 10:40:10,582 - WARNING - Invalid progress value: N/A
2024-05-21 10:40:10,599 - WARNING - Invalid progress value: N/A
2024-05-21 10:40:10,679 - WARNING - Invalid progress value: N/A
2024-05-21 10:40:10,774 - WARNING - Invalid progress value: N/A
2024-05-21 10:40:10,824 - WARNING - Invalid progress value: N/A
2024-05-21 10:40:10,836 - WARNING - Invalid progress value: N/A
2024-05-21 10:40:10,867 - WARNING - Invalid progress value: N/A
2024-05-21 10:40:11,033 - WARNING - Invalid progress value: N/A
2024-05-21 10:40:11,088 - WARNING - Invalid progress value: N/A
2024-05-21 10:40:11,101 - WARNING - Invalid progress value: N/A
2024-05-21 10:40:11,167 - WARNING - Invalid progress value: N/A
2024-05-21 10:40:11,279 - WARNING - Invalid progress value: N/A
2024-05-21 10:40:11,355 - WARNING - Invalid progress value: N/A
2024-05-21 10:40:11,350 - WARNING - Invalid progress value: N/A
2024-05-21 10:40:11,375 - WARNING - Invalid progress value: N/A
2024-05-21 10:40:11,590 - WARNING - Invalid progress value: N/A
2024-05-21 10:40:11,839 - WARNING - Invalid progress value: N/A
2024-05-21 10:40:11,841 - WARNING - Invalid progress value: N/A
2024-05-21 10:40:11,848 - WARNING - Invalid progress value: N/A
2024-05-21 10:40:11,779 - WARNING - Invalid progress value: N/A
2024-05-21 10:40:11,857 - WARNING - Invalid progress value: N/A
2024-05-21 10:40:11,833 - WARNING - Invalid progress value: N/A
2024-05-21 10:40:11,875 - WARNING - Invalid progress value: N/A
2024-05-21 10:40:12,051 - WARNING - Invalid progress value: N/A
2024-05-21 10:40:12,102 - WARNING - Invalid progress value: N/A
2024-05-21 10:40:12,118 - WARNING - Invalid progress value: N/A
2024-05-21 10:40:12,174 - WARNING - Invalid progress value: N/A
2024-05-21 10:40:12,296 - WARNING - Invalid progress value: N/A
2024-05-21 10:40:12,590 - WARNING - Invalid progress value: N/A
2024-05-21 10:40:12,600 - WARNING - Invalid progress value: N/A
2024-05-21 10:40:12,574 - WARNING - Invalid progress value: N/A
2024-05-21 10:40:12,581 - WARNING - Invalid progress value: N/A
2024-05-21 10:40:12,618 - WARNING - Invalid progress value: N/A
2024-05-21 10:40:12,620 - WARNING - Invalid progress value: N/A
2024-05-21 10:40:12,684 - WARNING - Invalid progress value: N/A
2024-05-21 10:40:12,822 - WARNING - Invalid progress value: N/A
2024-05-21 10:40:12,893 - WARNING - Invalid progress value: N/A
2024-05-21 10:40:12,935 - WARNING - Invalid progress value: N/A
2024-05-21 10:40:12,942 - WARNING - Invalid progress value: N/A
2024-05-21 10:40:13,062 - WARNING - Invalid progress value: N/A
2024-05-21 10:40:13,112 - WARNING - Invalid progress value: N/A
2024-05-21 10:40:13,120 - WARNING - Invalid progress value: N/A
2024-05-21 10:40:13,201 - WARNING - Invalid progress value: N/A
2024-05-21 10:40:13,347 - WARNING - Invalid progress value: N/A
2024-05-21 10:40:13,442 - WARNING - Invalid progress value: N/A
2024-05-21 10:40:13,447 - WARNING - Invalid progress value: N/A
2024-05-21 10:40:13,449 - WARNING - Invalid progress value: N/A
2024-05-21 10:40:13,704 - WARNING - Invalid progress value: N/A
2024-05-21 10:40:13,687 - WARNING - Invalid progress value: N/A
2024-05-21 10:40:13,697 - WARNING - Invalid progress value: N/A
2024-05-21 10:40:13,713 - WARNING - Invalid progress value: N/A
2024-05-21 10:40:13,852 - WARNING - Invalid progress value: N/A
2024-05-21 10:40:13,884 - WARNING - Invalid progress value: N/A
2024-05-21 10:40:13,895 - WARNING - Invalid progress value: N/A
2024-05-21 10:40:14,012 - WARNING - Invalid progress value: N/A
2024-05-21 10:40:14,059 - WARNING - Invalid progress value: N/A
2024-05-21 10:40:14,126 - WARNING - Invalid progress value: N/A
2024-05-21 10:40:14,133 - WARNING - Invalid progress value: N/A
2024-05-21 10:40:14,211 - WARNING - Invalid progress value: N/A
2024-05-21 10:40:14,627 - WARNING - Invalid progress value: N/A
2024-05-21 10:40:14,591 - WARNING - Invalid progress value: N/A
2024-05-21 10:40:14,643 - WARNING - Invalid progress value: N/A
2024-05-21 10:40:14,664 - WARNING - Invalid progress value: N/A
2024-05-21 10:40:14,695 - WARNING - Invalid progress value: N/A
2024-05-21 10:40:14,987 - WARNING - Invalid progress value: N/A
2024-05-21 10:40:14,617 - WARNING - Invalid progress value: N/A
2024-05-21 10:40:14,989 - WARNING - Invalid progress value: N/A
2024-05-21 10:40:14,799 - WARNING - Invalid progress value: N/A
2024-05-21 10:40:14,977 - WARNING - Invalid progress value: N/A
2024-05-21 10:40:14,980 - WARNING - Invalid progress value: N/A
2024-05-21 10:40:14,981 - WARNING - Invalid progress value: N/A
2024-05-21 10:40:15,086 - WARNING - Invalid progress value: N/A
2024-05-21 10:40:15,320 - WARNING - Invalid progress value: N/A
2024-05-21 10:40:15,311 - WARNING - Invalid progress value: N/A
2024-05-21 10:40:15,457 - WARNING - Invalid progress value: N/A
2024-05-21 10:40:15,462 - WARNING - Invalid progress value: N/A
2024-05-21 10:40:15,465 - WARNING - Invalid progress value: N/A
2024-05-21 10:40:15,482 - WARNING - Invalid progress value: N/A
2024-05-21 10:40:15,306 - WARNING - Invalid progress value: N/A
2024-05-21 10:40:15,741 - WARNING - Invalid progress value: N/A
2024-05-21 10:40:16,081 - WARNING - Invalid progress value: N/A
2024-05-21 10:40:15,817 - WARNING - Invalid progress value: N/A
2024-05-21 10:40:16,068 - WARNING - Invalid progress value: N/A
2024-05-21 10:40:16,071 - WARNING - Invalid progress value: N/A
2024-05-21 10:40:16,075 - WARNING - Invalid progress value: N/A
2024-05-21 10:40:15,761 - WARNING - Invalid progress value: N/A
2024-05-21 10:40:16,878 - WARNING - Invalid progress value: N/A
2024-05-21 10:40:16,884 - WARNING - Invalid progress value: N/A
2024-05-21 10:40:16,871 - WARNING - Invalid progress value: N/A
2024-05-21 10:40:16,888 - WARNING - Invalid progress value: N/A
2024-05-21 10:40:16,889 - WARNING - Invalid progress value: N/A
2024-05-21 10:40:16,889 - WARNING - Invalid progress value: N/A
2024-05-21 10:40:16,891 - WARNING - Invalid progress value: N/A
2024-05-21 10:40:16,896 - WARNING - Invalid progress value: N/A
2024-05-21 10:40:17,083 - WARNING - Invalid progress value: N/A
2024-05-21 10:40:17,093 - WARNING - Invalid progress value: N/A
2024-05-21 10:40:16,903 - WARNING - Invalid progress value: N/A
2024-05-21 10:40:17,094 - WARNING - Invalid progress value: N/A
2024-05-21 10:40:17,094 - WARNING - Invalid progress value: N/A
2024-05-21 10:40:17,094 - WARNING - Invalid progress value: N/A
2024-05-21 10:40:17,095 - WARNING - Invalid progress value: N/A
2024-05-21 10:40:17,099 - WARNING - Invalid progress value: N/A
2024-05-21 10:40:18,151 - WARNING - Invalid progress value: N/A
2024-05-21 10:40:18,671 - WARNING - Invalid progress value: N/A
2024-05-21 10:40:18,680 - WARNING - Invalid progress value: N/A
2024-05-21 10:40:18,683 - WARNING - Invalid progress value: N/A
2024-05-21 10:40:18,684 - WARNING - Invalid progress value: N/A
2024-05-21 10:40:18,684 - WARNING - Invalid progress value: N/A
2024-05-21 10:40:18,684 - WARNING - Invalid progress value: N/A
2024-05-21 10:40:18,685 - WARNING - Invalid progress value: N/A
2024-05-21 10:40:18,686 - WARNING - Invalid progress value: N/A
2024-05-21 10:40:18,686 - WARNING - Invalid progress value: N/A
2024-05-21 10:40:18,686 - WARNING - Invalid progress value: N/A
2024-05-21 10:40:18,686 - WARNING - Invalid progress value: N/A
2024-05-21 10:40:18,686 - WARNING - Invalid progress value: N/A
2024-05-21 10:40:18,686 - WARNING - Invalid progress value: N/A
2024-05-21 10:40:18,718 - WARNING - Invalid progress value: N/A
2024-05-21 10:40:18,721 - WARNING - Invalid progress value: N/A
2024-05-21 10:40:18,721 - WARNING - Invalid progress value: N/A
2024-05-21 10:40:18,721 - WARNING - Invalid progress value: N/A
2024-05-21 10:40:18,721 - WARNING - Invalid progress value: N/A
2024-05-21 10:40:18,722 - WARNING - Invalid progress value: N/A
2024-05-21 10:40:18,722 - WARNING - Invalid progress value: N/A
2024-05-21 10:40:18,722 - WARNING - Invalid progress value: N/A
2024-05-21 10:40:18,722 - WARNING - Invalid progress value: N/A
2024-05-21 10:40:18,724 - WARNING - Invalid progress value: N/A
2024-05-21 10:40:18,724 - WARNING - Invalid progress value: N/A
2024-05-21 10:40:18,727 - WARNING - Invalid progress value: N/A
2024-05-21 10:40:18,917 - WARNING - Invalid progress value: N/A
2024-05-21 10:40:18,980 - WARNING - Invalid progress value: N/A
2024-05-21 10:40:19,022 - WARNING - Invalid progress value: N/A
2024-05-21 10:40:19,189 - WARNING - Invalid progress value: N/A
2024-05-21 10:40:19,200 - WARNING - Invalid progress value: N/A
2024-05-21 10:40:19,208 - WARNING - Invalid progress value: N/A
2024-05-21 10:40:19,211 - WARNING - Invalid progress value: N/A
2024-05-21 10:40:19,211 - WARNING - Invalid progress value: N/A
2024-05-21 10:40:19,211 - WARNING - Invalid progress value: N/A
2024-05-21 10:40:19,223 - WARNING - Invalid progress value: N/A
2024-05-21 10:40:19,365 - WARNING - Invalid progress value: N/A
2024-05-21 10:40:19,502 - WARNING - Invalid progress value: N/A
2024-05-21 10:40:19,540 - WARNING - Invalid progress value: N/A
2024-05-21 10:40:19,546 - WARNING - Invalid progress value: N/A
2024-05-21 10:40:19,578 - WARNING - Invalid progress value: N/A
2024-05-21 10:40:19,810 - WARNING - Invalid progress value: N/A
2024-05-21 10:40:19,825 - WARNING - Invalid progress value: N/A
2024-05-21 10:40:19,802 - WARNING - Invalid progress value: N/A
2024-05-21 10:40:20,143 - WARNING - Invalid progress value: N/A
2024-05-21 10:40:20,181 - WARNING - Invalid progress value: N/A
2024-05-21 10:40:20,181 - WARNING - Invalid progress value: N/A
2024-05-21 10:40:20,183 - WARNING - Invalid progress value: N/A
2024-05-21 10:40:20,187 - WARNING - Invalid progress value: N/A
2024-05-21 10:40:20,212 - WARNING - Invalid progress value: N/A
2024-05-21 10:40:20,214 - WARNING - Invalid progress value: N/A
2024-05-21 10:40:20,246 - WARNING - Invalid progress value: N/A
2024-05-21 10:40:20,463 - WARNING - Invalid progress value: N/A
2024-05-21 10:40:20,571 - WARNING - Invalid progress value: N/A
2024-05-21 10:40:20,626 - WARNING - Invalid progress value: N/A
2024-05-21 10:40:20,640 - WARNING - Invalid progress value: N/A
2024-05-21 10:40:20,717 - WARNING - Invalid progress value: N/A
2024-05-21 10:40:20,746 - WARNING - Invalid progress value: N/A
2024-05-21 10:40:20,769 - WARNING - Invalid progress value: N/A
2024-05-21 10:40:20,814 - WARNING - Invalid progress value: N/A
2024-05-21 10:40:20,893 - WARNING - Invalid progress value: N/A
2024-05-21 10:40:21,122 - WARNING - Invalid progress value: N/A
2024-05-21 10:40:21,113 - WARNING - Invalid progress value: N/A
2024-05-21 10:40:21,097 - WARNING - Invalid progress value: N/A
2024-05-21 10:40:21,103 - WARNING - Invalid progress value: N/A
2024-05-21 10:40:21,339 - WARNING - Invalid progress value: N/A
2024-05-21 10:40:21,325 - WARNING - Invalid progress value: N/A
2024-05-21 10:40:21,332 - WARNING - Invalid progress value: N/A
2024-05-21 10:40:21,391 - WARNING - Invalid progress value: N/A
2024-05-21 10:40:21,635 - WARNING - Invalid progress value: N/A
2024-05-21 10:40:21,598 - WARNING - Invalid progress value: N/A
2024-05-21 10:40:21,705 - WARNING - Invalid progress value: N/A
2024-05-21 10:40:21,604 - WARNING - Invalid progress value: N/A
2024-05-21 10:40:21,791 - WARNING - Invalid progress value: N/A
2024-05-21 10:40:21,792 - WARNING - Invalid progress value: N/A
2024-05-21 10:40:23,205 - WARNING - Invalid progress value: N/A
2024-05-21 10:40:23,206 - WARNING - Invalid progress value: N/A
2024-05-21 10:40:23,227 - WARNING - Invalid progress value: N/A
2024-05-21 10:40:23,233 - WARNING - Invalid progress value: N/A
2024-05-21 10:40:23,245 - WARNING - Invalid progress value: N/A
2024-05-21 10:40:23,245 - WARNING - Invalid progress value: N/A
2024-05-21 10:40:23,249 - WARNING - Invalid progress value: N/A
2024-05-21 10:40:23,255 - WARNING - Invalid progress value: N/A
2024-05-21 10:40:23,273 - WARNING - Invalid progress value: N/A
2024-05-21 10:40:23,255 - WARNING - Invalid progress value: N/A
2024-05-21 10:40:23,273 - WARNING - Invalid progress value: N/A
2024-05-21 10:40:23,274 - WARNING - Invalid progress value: N/A
2024-05-21 10:40:23,278 - WARNING - Invalid progress value: N/A
2024-05-21 10:40:23,286 - WARNING - Invalid progress value: N/A
2024-05-21 10:40:23,288 - WARNING - Invalid progress value: N/A
2024-05-21 10:40:23,289 - WARNING - Invalid progress value: N/A
2024-05-21 10:40:25,840 - WARNING - Invalid progress value: N/A
2024-05-21 10:40:25,856 - WARNING - Invalid progress value: N/A
2024-05-21 10:40:25,844 - WARNING - Invalid progress value: N/A
2024-05-21 10:40:25,857 - WARNING - Invalid progress value: N/A
2024-05-21 10:40:25,860 - WARNING - Invalid progress value: N/A
2024-05-21 10:40:25,860 - WARNING - Invalid progress value: N/A
2024-05-21 10:40:25,867 - WARNING - Invalid progress value: N/A
2024-05-21 10:40:25,873 - WARNING - Invalid progress value: N/A
2024-05-21 10:40:25,873 - WARNING - Invalid progress value: N/A
2024-05-21 10:40:25,873 - WARNING - Invalid progress value: N/A
2024-05-21 10:40:25,873 - WARNING - Invalid progress value: N/A
2024-05-21 10:40:25,875 - WARNING - Invalid progress value: N/A
2024-05-21 10:40:25,873 - WARNING - Invalid progress value: N/A
2024-05-21 10:40:25,875 - WARNING - Invalid progress value: N/A
2024-05-21 10:40:25,876 - WARNING - Invalid progress value: N/A
2024-05-21 10:40:25,876 - WARNING - Invalid progress value: N/A
2024-05-21 10:40:28,217 - WARNING - Invalid progress value: N/A
2024-05-21 10:40:28,223 - WARNING - Invalid progress value: N/A
2024-05-21 10:40:28,239 - WARNING - Invalid progress value: N/A
2024-05-21 10:40:28,253 - WARNING - Invalid progress value: N/A
2024-05-21 10:40:28,269 - WARNING - Invalid progress value: N/A
2024-05-21 10:40:28,269 - WARNING - Invalid progress value: N/A
2024-05-21 10:40:28,269 - WARNING - Invalid progress value: N/A
2024-05-21 10:40:28,269 - WARNING - Invalid progress value: N/A
2024-05-21 10:40:28,270 - WARNING - Invalid progress value: N/A
2024-05-21 10:40:28,272 - WARNING - Invalid progress value: N/A
2024-05-21 10:40:28,268 - WARNING - Invalid progress value: N/A
2024-05-21 10:40:28,273 - WARNING - Invalid progress value: N/A
2024-05-21 10:40:28,273 - WARNING - Invalid progress value: N/A
2024-05-21 10:40:28,274 - WARNING - Invalid progress value: N/A
2024-05-21 10:40:28,274 - WARNING - Invalid progress value: N/A
2024-05-21 10:40:28,275 - WARNING - Invalid progress value: N/A
2024-05-21 10:40:28,529 - WARNING - Invalid progress value: N/A
2024-05-21 10:40:28,540 - WARNING - Invalid progress value: N/A
2024-05-21 10:40:28,549 - WARNING - Invalid progress value: N/A
2024-05-21 10:40:28,552 - WARNING - Invalid progress value: N/A
2024-05-21 10:40:28,556 - WARNING - Invalid progress value: N/A
2024-05-21 10:40:28,558 - WARNING - Invalid progress value: N/A
2024-05-21 10:40:28,563 - WARNING - Invalid progress value: N/A
2024-05-21 10:40:28,573 - WARNING - Invalid progress value: N/A
2024-05-21 10:40:28,573 - WARNING - Invalid progress value: N/A
2024-05-21 10:40:28,577 - WARNING - Invalid progress value: N/A
2024-05-21 10:40:28,578 - WARNING - Invalid progress value: N/A
2024-05-21 10:40:28,579 - WARNING - Invalid progress value: N/A
2024-05-21 10:40:28,641 - WARNING - Invalid progress value: N/A
2024-05-21 10:40:28,642 - WARNING - Invalid progress value: N/A
2024-05-21 10:40:28,642 - WARNING - Invalid progress value: N/A
2024-05-21 10:40:29,361 - WARNING - Invalid progress value: N/A
2024-05-21 10:40:29,363 - WARNING - Invalid progress value: N/A
2024-05-21 10:40:29,363 - WARNING - Invalid progress value: N/A
2024-05-21 10:40:29,363 - WARNING - Invalid progress value: N/A
2024-05-21 10:40:29,364 - WARNING - Invalid progress value: N/A
2024-05-21 10:40:29,364 - WARNING - Invalid progress value: N/A
2024-05-21 10:40:29,364 - WARNING - Invalid progress value: N/A
2024-05-21 10:40:29,364 - WARNING - Invalid progress value: N/A
2024-05-21 10:40:29,364 - WARNING - Invalid progress value: N/A
2024-05-21 10:40:29,343 - WARNING - Invalid progress value: N/A
2024-05-21 10:40:29,347 - WARNING - Invalid progress value: N/A
2024-05-21 10:40:29,371 - WARNING - Invalid progress value: N/A
2024-05-21 10:40:29,373 - WARNING - Invalid progress value: N/A
2024-05-21 10:40:29,380 - WARNING - Invalid progress value: N/A
2024-05-21 10:40:29,389 - WARNING - Invalid progress value: N/A
2024-05-21 10:40:29,826 - WARNING - Invalid progress value: N/A
2024-05-21 10:40:30,710 - WARNING - Invalid progress value: N/A
2024-05-21 10:40:30,690 - WARNING - Invalid progress value: N/A
2024-05-21 10:40:30,697 - WARNING - Invalid progress value: N/A
2024-05-21 10:40:30,716 - WARNING - Invalid progress value: N/A
2024-05-21 10:40:30,725 - WARNING - Invalid progress value: N/A
2024-05-21 10:40:30,725 - WARNING - Invalid progress value: N/A
2024-05-21 10:40:30,725 - WARNING - Invalid progress value: N/A
2024-05-21 10:40:30,730 - WARNING - Invalid progress value: N/A
2024-05-21 10:40:30,737 - WARNING - Invalid progress value: N/A
2024-05-21 10:40:30,744 - WARNING - Invalid progress value: N/A
2024-05-21 10:40:30,772 - WARNING - Invalid progress value: N/A
2024-05-21 10:40:30,778 - WARNING - Invalid progress value: N/A
2024-05-21 10:40:30,778 - WARNING - Invalid progress value: N/A
2024-05-21 10:40:30,778 - WARNING - Invalid progress value: N/A
2024-05-21 10:40:30,778 - WARNING - Invalid progress value: N/A
2024-05-21 10:40:30,778 - WARNING - Invalid progress value: N/A
2024-05-21 10:40:30,818 - WARNING - Invalid progress value: N/A
2024-05-21 10:40:30,819 - WARNING - Invalid progress value: N/A
2024-05-21 10:40:30,820 - WARNING - Invalid progress value: N/A
2024-05-21 10:40:30,821 - WARNING - Invalid progress value: N/A
2024-05-21 10:40:30,822 - WARNING - Invalid progress value: N/A
2024-05-21 10:40:30,822 - WARNING - Invalid progress value: N/A
2024-05-21 10:40:30,824 - WARNING - Invalid progress value: N/A
2024-05-21 10:40:30,824 - WARNING - Invalid progress value: N/A
2024-05-21 10:40:30,826 - WARNING - Invalid progress value: N/A
2024-05-21 10:40:30,828 - WARNING - Invalid progress value: N/A
2024-05-21 10:40:30,828 - WARNING - Invalid progress value: N/A
2024-05-21 10:40:30,828 - WARNING - Invalid progress value: N/A
2024-05-21 10:40:30,828 - WARNING - Invalid progress value: N/A
2024-05-21 10:40:30,829 - WARNING - Invalid progress value: N/A
2024-05-21 10:40:30,829 - WARNING - Invalid progress value: N/A
2024-05-21 10:40:31,363 - WARNING - Invalid progress value: N/A
2024-05-21 10:40:31,360 - WARNING - Invalid progress value: N/A
2024-05-21 10:40:31,416 - WARNING - Invalid progress value: N/A
2024-05-21 10:40:31,423 - WARNING - Invalid progress value: N/A
2024-05-21 10:40:31,423 - WARNING - Invalid progress value: N/A
2024-05-21 10:40:31,452 - WARNING - Invalid progress value: N/A
2024-05-21 10:40:31,446 - WARNING - Invalid progress value: N/A
2024-05-21 10:40:31,456 - WARNING - Invalid progress value: N/A
2024-05-21 10:40:31,470 - WARNING - Invalid progress value: N/A
2024-05-21 10:40:31,471 - WARNING - Invalid progress value: N/A
2024-05-21 10:40:31,474 - WARNING - Invalid progress value: N/A
2024-05-21 10:40:31,474 - WARNING - Invalid progress value: N/A
2024-05-21 10:40:31,474 - WARNING - Invalid progress value: N/A
2024-05-21 10:40:31,474 - WARNING - Invalid progress value: N/A
2024-05-21 10:40:31,474 - WARNING - Invalid progress value: N/A
2024-05-21 10:40:31,474 - WARNING - Invalid progress value: N/A
2024-05-21 10:40:31,474 - WARNING - Invalid progress value: N/A
2024-05-21 10:40:31,474 - WARNING - Invalid progress value: N/A
2024-05-21 10:40:31,475 - WARNING - Invalid progress value: N/A
2024-05-21 10:40:31,571 - WARNING - Invalid progress value: N/A
2024-05-21 10:40:31,720 - WARNING - Invalid progress value: N/A
2024-05-21 10:40:32,971 - WARNING - Invalid progress value: N/A
2024-05-21 10:40:32,960 - WARNING - Invalid progress value: N/A
2024-05-21 10:40:32,977 - WARNING - Invalid progress value: N/A
2024-05-21 10:40:32,962 - WARNING - Invalid progress value: N/A
2024-05-21 10:40:32,980 - WARNING - Invalid progress value: N/A
2024-05-21 10:40:32,994 - WARNING - Invalid progress value: N/A
2024-05-21 10:40:32,997 - WARNING - Invalid progress value: N/A
2024-05-21 10:40:33,006 - WARNING - Invalid progress value: N/A
2024-05-21 10:40:33,001 - WARNING - Invalid progress value: N/A
2024-05-21 10:40:33,008 - WARNING - Invalid progress value: N/A
2024-05-21 10:40:33,004 - WARNING - Invalid progress value: N/A
2024-05-21 10:40:33,010 - WARNING - Invalid progress value: N/A
2024-05-21 10:40:33,010 - WARNING - Invalid progress value: N/A
2024-05-21 10:40:33,010 - WARNING - Invalid progress value: N/A
2024-05-21 10:40:33,010 - WARNING - Invalid progress value: N/A
2024-05-21 10:40:33,010 - WARNING - Invalid progress value: N/A
2024-05-21 10:40:33,681 - WARNING - Invalid progress value: N/A
2024-05-21 10:40:33,666 - WARNING - Invalid progress value: N/A
2024-05-21 10:40:33,690 - WARNING - Invalid progress value: N/A
2024-05-21 10:40:33,690 - WARNING - Invalid progress value: N/A
2024-05-21 10:40:33,703 - WARNING - Invalid progress value: N/A
2024-05-21 10:40:33,703 - WARNING - Invalid progress value: N/A
2024-05-21 10:40:33,653 - WARNING - Invalid progress value: N/A
2024-05-21 10:40:33,702 - WARNING - Invalid progress value: N/A
2024-05-21 10:40:33,691 - WARNING - Invalid progress value: N/A
2024-05-21 10:40:33,691 - WARNING - Invalid progress value: N/A
2024-05-21 10:40:33,703 - WARNING - Invalid progress value: N/A
2024-05-21 10:40:33,712 - WARNING - Invalid progress value: N/A
2024-05-21 10:40:33,712 - WARNING - Invalid progress value: N/A
2024-05-21 10:40:33,712 - WARNING - Invalid progress value: N/A
2024-05-21 10:40:33,709 - WARNING - Invalid progress value: N/A
2024-05-21 10:40:34,026 - WARNING - Invalid progress value: N/A
2024-05-21 10:40:34,040 - WARNING - Invalid progress value: N/A
2024-05-21 10:40:34,040 - WARNING - Invalid progress value: N/A
2024-05-21 10:40:34,041 - WARNING - Invalid progress value: N/A
2024-05-21 10:40:34,041 - WARNING - Invalid progress value: N/A
2024-05-21 10:40:34,040 - WARNING - Invalid progress value: N/A
2024-05-21 10:40:34,044 - WARNING - Invalid progress value: N/A
2024-05-21 10:40:34,044 - WARNING - Invalid progress value: N/A
2024-05-21 10:40:34,045 - WARNING - Invalid progress value: N/A
2024-05-21 10:40:34,047 - WARNING - Invalid progress value: N/A
2024-05-21 10:40:34,049 - WARNING - Invalid progress value: N/A
2024-05-21 10:40:34,049 - WARNING - Invalid progress value: N/A
2024-05-21 10:40:34,050 - WARNING - Invalid progress value: N/A
2024-05-21 10:40:34,050 - WARNING - Invalid progress value: N/A
2024-05-21 10:40:34,137 - WARNING - Invalid progress value: N/A
2024-05-21 10:40:34,138 - WARNING - Invalid progress value: N/A
2024-05-21 10:40:34,139 - WARNING - Invalid progress value: N/A
2024-05-21 10:40:34,139 - WARNING - Invalid progress value: N/A
2024-05-21 10:40:34,246 - WARNING - Invalid progress value: N/A
2024-05-21 10:40:34,247 - WARNING - Invalid progress value: N/A
2024-05-21 10:40:34,247 - WARNING - Invalid progress value: N/A
2024-05-21 10:40:34,248 - WARNING - Invalid progress value: N/A
2024-05-21 10:40:34,248 - WARNING - Invalid progress value: N/A
2024-05-21 10:40:34,231 - WARNING - Invalid progress value: N/A
2024-05-21 10:40:34,260 - WARNING - Invalid progress value: N/A
2024-05-21 10:40:34,261 - WARNING - Invalid progress value: N/A
2024-05-21 10:40:34,261 - WARNING - Invalid progress value: N/A
2024-05-21 10:40:34,261 - WARNING - Invalid progress value: N/A
2024-05-21 10:40:34,262 - WARNING - Invalid progress value: N/A
2024-05-21 10:40:34,394 - WARNING - Invalid progress value: N/A
2024-05-21 10:40:34,396 - WARNING - Invalid progress value: N/A
2024-05-21 10:40:34,397 - WARNING - Invalid progress value: N/A
2024-05-21 10:40:34,399 - WARNING - Invalid progress value: N/A
2024-05-21 10:40:34,416 - WARNING - Invalid progress value: N/A
2024-05-21 10:40:34,416 - WARNING - Invalid progress value: N/A
2024-05-21 10:40:34,416 - WARNING - Invalid progress value: N/A
2024-05-21 10:40:34,890 - WARNING - Invalid progress value: N/A
2024-05-21 10:40:34,898 - WARNING - Invalid progress value: N/A
2024-05-21 10:40:34,872 - WARNING - Invalid progress value: N/A
2024-05-21 10:40:34,902 - WARNING - Invalid progress value: N/A
2024-05-21 10:40:34,905 - WARNING - Invalid progress value: N/A
2024-05-21 10:40:34,918 - WARNING - Invalid progress value: N/A
2024-05-21 10:40:34,882 - WARNING - Invalid progress value: N/A
2024-05-21 10:40:34,934 - WARNING - Invalid progress value: N/A
2024-05-21 10:40:35,138 - WARNING - Invalid progress value: N/A
2024-05-21 10:40:35,141 - WARNING - Invalid progress value: N/A
2024-05-21 10:40:35,141 - WARNING - Invalid progress value: N/A
2024-05-21 10:40:35,141 - WARNING - Invalid progress value: N/A
2024-05-21 10:40:35,190 - WARNING - Invalid progress value: N/A
2024-05-21 10:40:35,198 - WARNING - Invalid progress value: N/A
2024-05-21 10:40:35,214 - WARNING - Invalid progress value: N/A
2024-05-21 10:40:35,236 - WARNING - Invalid progress value: N/A
2024-05-21 10:40:35,700 - WARNING - Invalid progress value: N/A
2024-05-21 10:40:35,720 - WARNING - Invalid progress value: N/A
2024-05-21 10:40:35,711 - WARNING - Invalid progress value: N/A
2024-05-21 10:40:35,916 - WARNING - Invalid progress value: N/A
2024-05-21 10:40:35,937 - WARNING - Invalid progress value: N/A
2024-05-21 10:40:35,908 - WARNING - Invalid progress value: N/A
2024-05-21 10:40:35,786 - WARNING - Invalid progress value: N/A
2024-05-21 10:40:35,878 - WARNING - Invalid progress value: N/A
2024-05-21 10:40:36,163 - WARNING - Invalid progress value: N/A
2024-05-21 10:40:36,169 - WARNING - Invalid progress value: N/A
2024-05-21 10:40:36,160 - WARNING - Invalid progress value: N/A
2024-05-21 10:40:36,171 - WARNING - Invalid progress value: N/A
2024-05-21 10:40:36,195 - WARNING - Invalid progress value: N/A
2024-05-21 10:40:36,270 - WARNING - Invalid progress value: N/A
2024-05-21 10:40:36,317 - WARNING - Invalid progress value: N/A
2024-05-21 10:40:36,299 - WARNING - Invalid progress value: N/A
2024-05-21 10:40:36,723 - WARNING - Invalid progress value: N/A
2024-05-21 10:40:36,759 - WARNING - Invalid progress value: N/A
2024-05-21 10:40:36,737 - WARNING - Invalid progress value: N/A
2024-05-21 10:40:36,733 - WARNING - Invalid progress value: N/A
2024-05-21 10:40:36,759 - WARNING - Invalid progress value: N/A
2024-05-21 10:40:36,759 - WARNING - Invalid progress value: N/A
2024-05-21 10:40:36,746 - WARNING - Invalid progress value: N/A
2024-05-21 10:40:36,777 - WARNING - Invalid progress value: N/A
2024-05-21 10:40:37,369 - WARNING - Invalid progress value: N/A
2024-05-21 10:40:37,406 - WARNING - Invalid progress value: N/A
2024-05-21 10:40:37,407 - WARNING - Invalid progress value: N/A
2024-05-21 10:40:37,409 - WARNING - Invalid progress value: N/A
2024-05-21 10:40:37,363 - WARNING - Invalid progress value: N/A
2024-05-21 10:40:37,420 - WARNING - Invalid progress value: N/A
2024-05-21 10:40:37,420 - WARNING - Invalid progress value: N/A
2024-05-21 10:40:37,376 - WARNING - Invalid progress value: N/A
2024-05-21 10:40:37,674 - WARNING - Invalid progress value: N/A
2024-05-21 10:40:37,668 - WARNING - Invalid progress value: N/A
2024-05-21 10:40:37,677 - WARNING - Invalid progress value: N/A
2024-05-21 10:40:37,677 - WARNING - Invalid progress value: N/A
2024-05-21 10:40:37,711 - WARNING - Invalid progress value: N/A
2024-05-21 10:40:37,722 - WARNING - Invalid progress value: N/A
2024-05-21 10:40:37,762 - WARNING - Invalid progress value: N/A
2024-05-21 10:40:37,785 - WARNING - Invalid progress value: N/A
2024-05-21 10:40:38,456 - WARNING - Invalid progress value: N/A
2024-05-21 10:40:38,464 - WARNING - Invalid progress value: N/A
2024-05-21 10:40:38,431 - WARNING - Invalid progress value: N/A
2024-05-21 10:40:38,439 - WARNING - Invalid progress value: N/A
2024-05-21 10:40:38,476 - WARNING - Invalid progress value: N/A
2024-05-21 10:40:38,478 - WARNING - Invalid progress value: N/A
2024-05-21 10:40:38,448 - WARNING - Invalid progress value: N/A
2024-05-21 10:40:38,493 - WARNING - Invalid progress value: N/A
2024-05-21 10:40:38,691 - WARNING - Invalid progress value: N/A
2024-05-21 10:40:38,695 - WARNING - Invalid progress value: N/A
2024-05-21 10:40:38,695 - WARNING - Invalid progress value: N/A
2024-05-21 10:40:38,696 - WARNING - Invalid progress value: N/A
2024-05-21 10:40:38,732 - WARNING - Invalid progress value: N/A
2024-05-21 10:40:38,745 - WARNING - Invalid progress value: N/A
2024-05-21 10:40:38,785 - WARNING - Invalid progress value: N/A
2024-05-21 10:40:38,801 - WARNING - Invalid progress value: N/A
2024-05-21 10:40:39,508 - WARNING - Invalid progress value: N/A
2024-05-21 10:40:39,537 - WARNING - Invalid progress value: N/A
2024-05-21 10:40:39,538 - WARNING - Invalid progress value: N/A
2024-05-21 10:40:39,477 - WARNING - Invalid progress value: N/A
2024-05-21 10:40:39,474 - WARNING - Invalid progress value: N/A
2024-05-21 10:40:39,495 - WARNING - Invalid progress value: N/A
2024-05-21 10:40:39,487 - WARNING - Invalid progress value: N/A
2024-05-21 10:40:39,561 - WARNING - Invalid progress value: N/A
2024-05-21 10:40:39,713 - WARNING - Invalid progress value: N/A
2024-05-21 10:40:39,717 - WARNING - Invalid progress value: N/A
2024-05-21 10:40:39,720 - WARNING - Invalid progress value: N/A
2024-05-21 10:40:39,723 - WARNING - Invalid progress value: N/A
2024-05-21 10:40:39,744 - WARNING - Invalid progress value: N/A
2024-05-21 10:40:39,768 - WARNING - Invalid progress value: N/A
2024-05-21 10:40:39,797 - WARNING - Invalid progress value: N/A
2024-05-21 10:40:39,820 - WARNING - Invalid progress value: N/A
2024-05-21 10:40:40,527 - WARNING - Invalid progress value: N/A
2024-05-21 10:40:40,544 - WARNING - Invalid progress value: N/A
2024-05-21 10:40:40,517 - WARNING - Invalid progress value: N/A
2024-05-21 10:40:40,565 - WARNING - Invalid progress value: N/A
2024-05-21 10:40:40,566 - WARNING - Invalid progress value: N/A
2024-05-21 10:40:40,567 - WARNING - Invalid progress value: N/A
2024-05-21 10:40:40,511 - WARNING - Invalid progress value: N/A
2024-05-21 10:40:40,567 - WARNING - Invalid progress value: N/A
2024-05-21 10:40:40,760 - WARNING - Invalid progress value: N/A
2024-05-21 10:40:40,763 - WARNING - Invalid progress value: N/A
2024-05-21 10:40:40,752 - WARNING - Invalid progress value: N/A
2024-05-21 10:40:40,745 - WARNING - Invalid progress value: N/A
2024-05-21 10:40:40,764 - WARNING - Invalid progress value: N/A
2024-05-21 10:40:40,775 - WARNING - Invalid progress value: N/A
2024-05-21 10:40:40,816 - WARNING - Invalid progress value: N/A
2024-05-21 10:40:40,833 - WARNING - Invalid progress value: N/A
2024-05-21 10:40:41,432 - WARNING - Invalid progress value: N/A
2024-05-21 10:40:41,483 - WARNING - Invalid progress value: N/A
2024-05-21 10:40:41,461 - WARNING - Invalid progress value: N/A
2024-05-21 10:40:41,491 - WARNING - Invalid progress value: N/A
2024-05-21 10:40:41,491 - WARNING - Invalid progress value: N/A
2024-05-21 10:40:41,491 - WARNING - Invalid progress value: N/A
2024-05-21 10:40:41,444 - WARNING - Invalid progress value: N/A
2024-05-21 10:40:41,432 - WARNING - Invalid progress value: N/A
2024-05-21 10:40:41,772 - WARNING - Invalid progress value: N/A
2024-05-21 10:40:41,777 - WARNING - Invalid progress value: N/A
2024-05-21 10:40:41,779 - WARNING - Invalid progress value: N/A
2024-05-21 10:40:41,779 - WARNING - Invalid progress value: N/A
2024-05-21 10:40:41,779 - WARNING - Invalid progress value: N/A
2024-05-21 10:40:41,804 - WARNING - Invalid progress value: N/A
2024-05-21 10:40:41,865 - WARNING - Invalid progress value: N/A
2024-05-21 10:40:41,877 - WARNING - Invalid progress value: N/A
2024-05-21 10:40:42,566 - WARNING - Invalid progress value: N/A
2024-05-21 10:40:42,579 - WARNING - Invalid progress value: N/A
2024-05-21 10:40:42,552 - WARNING - Invalid progress value: N/A
2024-05-21 10:40:42,543 - WARNING - Invalid progress value: N/A
2024-05-21 10:40:42,609 - WARNING - Invalid progress value: N/A
2024-05-21 10:40:42,558 - WARNING - Invalid progress value: N/A
2024-05-21 10:40:42,622 - WARNING - Invalid progress value: N/A
2024-05-21 10:40:42,530 - WARNING - Invalid progress value: N/A
2024-05-21 10:40:42,786 - WARNING - Invalid progress value: N/A
2024-05-21 10:40:42,787 - WARNING - Invalid progress value: N/A
2024-05-21 10:40:42,789 - WARNING - Invalid progress value: N/A
2024-05-21 10:40:42,789 - WARNING - Invalid progress value: N/A
2024-05-21 10:40:42,794 - WARNING - Invalid progress value: N/A
2024-05-21 10:40:42,817 - WARNING - Invalid progress value: N/A
2024-05-21 10:40:42,871 - WARNING - Invalid progress value: N/A
2024-05-21 10:40:42,877 - WARNING - Invalid progress value: N/A
2024-05-21 10:40:43,573 - WARNING - Invalid progress value: N/A
2024-05-21 10:40:43,548 - WARNING - Invalid progress value: N/A
2024-05-21 10:40:43,586 - WARNING - Invalid progress value: N/A
2024-05-21 10:40:43,589 - WARNING - Invalid progress value: N/A
2024-05-21 10:40:43,589 - WARNING - Invalid progress value: N/A
2024-05-21 10:40:43,557 - WARNING - Invalid progress value: N/A
2024-05-21 10:40:43,544 - WARNING - Invalid progress value: N/A
2024-05-21 10:40:43,565 - WARNING - Invalid progress value: N/A
2024-05-21 10:40:43,810 - WARNING - Invalid progress value: N/A
2024-05-21 10:40:43,819 - WARNING - Invalid progress value: N/A
2024-05-21 10:40:43,823 - WARNING - Invalid progress value: N/A
2024-05-21 10:40:43,808 - WARNING - Invalid progress value: N/A
2024-05-21 10:40:43,829 - WARNING - Invalid progress value: N/A
2024-05-21 10:40:43,831 - WARNING - Invalid progress value: N/A
2024-05-21 10:40:43,884 - WARNING - Invalid progress value: N/A
2024-05-21 10:40:43,889 - WARNING - Invalid progress value: N/A
2024-05-21 10:40:44,572 - WARNING - Invalid progress value: N/A
2024-05-21 10:40:44,581 - WARNING - Invalid progress value: N/A
2024-05-21 10:40:44,557 - WARNING - Invalid progress value: N/A
2024-05-21 10:40:44,591 - WARNING - Invalid progress value: N/A
2024-05-21 10:40:44,547 - WARNING - Invalid progress value: N/A
2024-05-21 10:40:44,593 - WARNING - Invalid progress value: N/A
2024-05-21 10:40:44,543 - WARNING - Invalid progress value: N/A
2024-05-21 10:40:44,607 - WARNING - Invalid progress value: N/A
2024-05-21 10:40:44,838 - WARNING - Invalid progress value: N/A
2024-05-21 10:40:44,841 - WARNING - Invalid progress value: N/A
2024-05-21 10:40:44,846 - WARNING - Invalid progress value: N/A
2024-05-21 10:40:44,841 - WARNING - Invalid progress value: N/A
2024-05-21 10:40:44,841 - WARNING - Invalid progress value: N/A
2024-05-21 10:40:44,843 - WARNING - Invalid progress value: N/A
2024-05-21 10:40:44,890 - WARNING - Invalid progress value: N/A
2024-05-21 10:40:44,910 - WARNING - Invalid progress value: N/A
2024-05-21 10:40:45,419 - WARNING - Invalid progress value: N/A
2024-05-21 10:40:45,426 - WARNING - Invalid progress value: N/A
2024-05-21 10:40:45,400 - WARNING - Invalid progress value: N/A
2024-05-21 10:40:45,426 - WARNING - Invalid progress value: N/A
2024-05-21 10:40:45,427 - WARNING - Invalid progress value: N/A
2024-05-21 10:40:45,427 - WARNING - Invalid progress value: N/A
2024-05-21 10:40:45,414 - WARNING - Invalid progress value: N/A
2024-05-21 10:40:45,429 - WARNING - Invalid progress value: N/A
2024-05-21 10:40:45,959 - WARNING - Invalid progress value: N/A
2024-05-21 10:40:45,967 - WARNING - Invalid progress value: N/A
2024-05-21 10:40:45,969 - WARNING - Invalid progress value: N/A
2024-05-21 10:40:45,971 - WARNING - Invalid progress value: N/A
2024-05-21 10:40:45,971 - WARNING - Invalid progress value: N/A
2024-05-21 10:40:45,972 - WARNING - Invalid progress value: N/A
2024-05-21 10:40:45,972 - WARNING - Invalid progress value: N/A
2024-05-21 10:40:45,973 - WARNING - Invalid progress value: N/A
2024-05-21 10:40:46,431 - WARNING - Invalid progress value: N/A
2024-05-21 10:40:46,440 - WARNING - Invalid progress value: N/A
2024-05-21 10:40:46,449 - WARNING - Invalid progress value: N/A
2024-05-21 10:40:46,465 - WARNING - Invalid progress value: N/A
2024-05-21 10:40:46,465 - WARNING - Invalid progress value: N/A
2024-05-21 10:40:46,421 - WARNING - Invalid progress value: N/A
2024-05-21 10:40:46,467 - WARNING - Invalid progress value: N/A
2024-05-21 10:40:47,019 - WARNING - Invalid progress value: N/A
2024-05-21 10:40:46,411 - WARNING - Invalid progress value: N/A
2024-05-21 10:40:47,017 - WARNING - Invalid progress value: N/A
2024-05-21 10:40:47,020 - WARNING - Invalid progress value: N/A
2024-05-21 10:40:47,018 - WARNING - Invalid progress value: N/A
2024-05-21 10:40:47,020 - WARNING - Invalid progress value: N/A
2024-05-21 10:40:47,021 - WARNING - Invalid progress value: N/A
2024-05-21 10:40:47,017 - WARNING - Invalid progress value: N/A
2024-05-21 10:40:47,021 - WARNING - Invalid progress value: N/A
2024-05-21 10:40:47,471 - WARNING - Invalid progress value: N/A
2024-05-21 10:40:47,476 - WARNING - Invalid progress value: N/A
2024-05-21 10:40:47,450 - WARNING - Invalid progress value: N/A
2024-05-21 10:40:47,476 - WARNING - Invalid progress value: N/A
2024-05-21 10:40:47,437 - WARNING - Invalid progress value: N/A
2024-05-21 10:40:47,443 - WARNING - Invalid progress value: N/A
2024-05-21 10:40:47,477 - WARNING - Invalid progress value: N/A
2024-05-21 10:40:47,463 - WARNING - Invalid progress value: N/A
2024-05-21 10:40:48,098 - WARNING - Invalid progress value: N/A
2024-05-21 10:40:48,110 - WARNING - Invalid progress value: N/A
2024-05-21 10:40:48,111 - WARNING - Invalid progress value: N/A
2024-05-21 10:40:48,112 - WARNING - Invalid progress value: N/A
2024-05-21 10:40:48,113 - WARNING - Invalid progress value: N/A
2024-05-21 10:40:48,115 - WARNING - Invalid progress value: N/A
2024-05-21 10:40:48,124 - WARNING - Invalid progress value: N/A
2024-05-21 10:40:48,124 - WARNING - Invalid progress value: N/A
2024-05-21 10:40:48,451 - WARNING - Invalid progress value: N/A
2024-05-21 10:40:48,459 - WARNING - Invalid progress value: N/A
2024-05-21 10:40:48,430 - WARNING - Invalid progress value: N/A
2024-05-21 10:40:48,459 - WARNING - Invalid progress value: N/A
2024-05-21 10:40:48,419 - WARNING - Invalid progress value: N/A
2024-05-21 10:40:48,459 - WARNING - Invalid progress value: N/A
2024-05-21 10:40:48,416 - WARNING - Invalid progress value: N/A
2024-05-21 10:40:48,440 - WARNING - Invalid progress value: N/A
2024-05-21 10:40:49,039 - WARNING - Invalid progress value: N/A
2024-05-21 10:40:49,044 - WARNING - Invalid progress value: N/A
2024-05-21 10:40:49,045 - WARNING - Invalid progress value: N/A
2024-05-21 10:40:49,045 - WARNING - Invalid progress value: N/A
2024-05-21 10:40:49,045 - WARNING - Invalid progress value: N/A
2024-05-21 10:40:49,046 - WARNING - Invalid progress value: N/A
2024-05-21 10:40:49,062 - WARNING - Invalid progress value: N/A
2024-05-21 10:40:49,410 - WARNING - Invalid progress value: N/A
2024-05-21 10:40:49,426 - WARNING - Invalid progress value: N/A
2024-05-21 10:40:49,430 - WARNING - Invalid progress value: N/A
2024-05-21 10:40:49,436 - WARNING - Invalid progress value: N/A
2024-05-21 10:40:49,439 - WARNING - Invalid progress value: N/A
2024-05-21 10:40:49,440 - WARNING - Invalid progress value: N/A
2024-05-21 10:40:49,440 - WARNING - Invalid progress value: N/A
2024-05-21 10:40:49,461 - WARNING - Invalid progress value: N/A
2024-05-21 10:40:49,489 - WARNING - Invalid progress value: N/A
2024-05-21 10:40:49,924 - WARNING - Invalid progress value: N/A
2024-05-21 10:40:49,929 - WARNING - Invalid progress value: N/A
2024-05-21 10:40:49,943 - WARNING - Invalid progress value: N/A
2024-05-21 10:40:49,938 - WARNING - Invalid progress value: N/A
2024-05-21 10:40:49,938 - WARNING - Invalid progress value: N/A
2024-05-21 10:40:49,935 - WARNING - Invalid progress value: N/A
2024-05-21 10:40:49,977 - WARNING - Invalid progress value: N/A
2024-05-21 10:40:49,986 - WARNING - Invalid progress value: N/A
2024-05-21 10:40:50,719 - WARNING - Invalid progress value: N/A
2024-05-21 10:40:50,725 - WARNING - Invalid progress value: N/A
2024-05-21 10:40:50,694 - WARNING - Invalid progress value: N/A
2024-05-21 10:40:50,707 - WARNING - Invalid progress value: N/A
2024-05-21 10:40:50,726 - WARNING - Invalid progress value: N/A
2024-05-21 10:40:50,697 - WARNING - Invalid progress value: N/A
2024-05-21 10:40:50,727 - WARNING - Invalid progress value: N/A
2024-05-21 10:40:50,728 - WARNING - Invalid progress value: N/A
2024-05-21 10:40:50,900 - WARNING - Invalid progress value: N/A
2024-05-21 10:40:50,902 - WARNING - Invalid progress value: N/A
2024-05-21 10:40:50,902 - WARNING - Invalid progress value: N/A
2024-05-21 10:40:50,903 - WARNING - Invalid progress value: N/A
2024-05-21 10:40:50,904 - WARNING - Invalid progress value: N/A
2024-05-21 10:40:50,983 - WARNING - Invalid progress value: N/A
2024-05-21 10:40:50,969 - WARNING - Invalid progress value: N/A
2024-05-21 10:40:51,013 - WARNING - Invalid progress value: N/A
2024-05-21 10:40:51,695 - WARNING - Invalid progress value: N/A
2024-05-21 10:40:51,701 - WARNING - Invalid progress value: N/A
2024-05-21 10:40:51,680 - WARNING - Invalid progress value: N/A
2024-05-21 10:40:51,702 - WARNING - Invalid progress value: N/A
2024-05-21 10:40:51,684 - WARNING - Invalid progress value: N/A
2024-05-21 10:40:51,702 - WARNING - Invalid progress value: N/A
2024-05-21 10:40:51,704 - WARNING - Invalid progress value: N/A
2024-05-21 10:40:51,705 - WARNING - Invalid progress value: N/A
2024-05-21 10:40:51,951 - WARNING - Invalid progress value: N/A
2024-05-21 10:40:51,959 - WARNING - Invalid progress value: N/A
2024-05-21 10:40:51,961 - WARNING - Invalid progress value: N/A
2024-05-21 10:40:51,964 - WARNING - Invalid progress value: N/A
2024-05-21 10:40:51,966 - WARNING - Invalid progress value: N/A
2024-05-21 10:40:51,974 - WARNING - Invalid progress value: N/A
2024-05-21 10:40:51,979 - WARNING - Invalid progress value: N/A
2024-05-21 10:40:52,035 - WARNING - Invalid progress value: N/A
2024-05-21 10:40:52,701 - WARNING - Invalid progress value: N/A
2024-05-21 10:40:52,693 - WARNING - Invalid progress value: N/A
2024-05-21 10:40:52,685 - WARNING - Invalid progress value: N/A
2024-05-21 10:40:52,712 - WARNING - Invalid progress value: N/A
2024-05-21 10:40:52,713 - WARNING - Invalid progress value: N/A
2024-05-21 10:40:52,715 - WARNING - Invalid progress value: N/A
2024-05-21 10:40:52,715 - WARNING - Invalid progress value: N/A
2024-05-21 10:40:52,678 - WARNING - Invalid progress value: N/A
2024-05-21 10:40:52,958 - WARNING - Invalid progress value: N/A
2024-05-21 10:40:52,961 - WARNING - Invalid progress value: N/A
2024-05-21 10:40:52,962 - WARNING - Invalid progress value: N/A
2024-05-21 10:40:52,963 - WARNING - Invalid progress value: N/A
2024-05-21 10:40:52,963 - WARNING - Invalid progress value: N/A
2024-05-21 10:40:52,998 - WARNING - Invalid progress value: N/A
2024-05-21 10:40:53,001 - WARNING - Invalid progress value: N/A
2024-05-21 10:40:53,054 - WARNING - Invalid progress value: N/A
2024-05-21 10:40:53,568 - WARNING - Invalid progress value: N/A
2024-05-21 10:40:53,545 - WARNING - Invalid progress value: N/A
2024-05-21 10:40:53,556 - WARNING - Invalid progress value: N/A
2024-05-21 10:40:53,607 - WARNING - Invalid progress value: N/A
2024-05-21 10:40:53,607 - WARNING - Invalid progress value: N/A
2024-05-21 10:40:53,608 - WARNING - Invalid progress value: N/A
2024-05-21 10:40:53,608 - WARNING - Invalid progress value: N/A
2024-05-21 10:40:53,583 - WARNING - Invalid progress value: N/A
2024-05-21 10:40:53,968 - WARNING - Invalid progress value: N/A
2024-05-21 10:40:53,976 - WARNING - Invalid progress value: N/A
2024-05-21 10:40:53,976 - WARNING - Invalid progress value: N/A
2024-05-21 10:40:53,978 - WARNING - Invalid progress value: N/A
2024-05-21 10:40:53,997 - WARNING - Invalid progress value: N/A
2024-05-21 10:40:54,043 - WARNING - Invalid progress value: N/A
2024-05-21 10:40:54,045 - WARNING - Invalid progress value: N/A
2024-05-21 10:40:54,057 - WARNING - Invalid progress value: N/A
2024-05-21 10:40:54,676 - WARNING - Invalid progress value: N/A
2024-05-21 10:40:54,646 - WARNING - Invalid progress value: N/A
2024-05-21 10:40:54,670 - WARNING - Invalid progress value: N/A
2024-05-21 10:40:54,689 - WARNING - Invalid progress value: N/A
2024-05-21 10:40:54,643 - WARNING - Invalid progress value: N/A
2024-05-21 10:40:54,690 - WARNING - Invalid progress value: N/A
2024-05-21 10:40:54,690 - WARNING - Invalid progress value: N/A
2024-05-21 10:40:54,958 - WARNING - Invalid progress value: N/A
2024-05-21 10:40:54,971 - WARNING - Invalid progress value: N/A
2024-05-21 10:40:54,979 - WARNING - Invalid progress value: N/A
2024-05-21 10:40:54,980 - WARNING - Invalid progress value: N/A
2024-05-21 10:40:54,986 - WARNING - Invalid progress value: N/A
2024-05-21 10:40:54,989 - WARNING - Invalid progress value: N/A
2024-05-21 10:40:55,055 - WARNING - Invalid progress value: N/A
2024-05-21 10:40:55,062 - WARNING - Invalid progress value: N/A
2024-05-21 10:40:55,066 - WARNING - Invalid progress value: N/A
2024-05-21 10:40:55,793 - WARNING - Invalid progress value: N/A
2024-05-21 10:40:55,805 - WARNING - Invalid progress value: N/A
2024-05-21 10:40:55,769 - WARNING - Invalid progress value: N/A
2024-05-21 10:40:55,776 - WARNING - Invalid progress value: N/A
2024-05-21 10:40:55,823 - WARNING - Invalid progress value: N/A
2024-05-21 10:40:55,785 - WARNING - Invalid progress value: N/A
2024-05-21 10:40:55,825 - WARNING - Invalid progress value: N/A
2024-05-21 10:40:55,828 - WARNING - Invalid progress value: N/A
2024-05-21 10:40:55,988 - WARNING - Invalid progress value: N/A
2024-05-21 10:40:55,995 - WARNING - Invalid progress value: N/A
2024-05-21 10:40:55,995 - WARNING - Invalid progress value: N/A
2024-05-21 10:40:55,995 - WARNING - Invalid progress value: N/A
2024-05-21 10:40:55,998 - WARNING - Invalid progress value: N/A
2024-05-21 10:40:56,068 - WARNING - Invalid progress value: N/A
2024-05-21 10:40:56,074 - WARNING - Invalid progress value: N/A
2024-05-21 10:40:56,080 - WARNING - Invalid progress value: N/A
2024-05-21 10:54:56,101 - INFO - Starting conversion: /Users/peterfaso/Desktop/PlanetEarth3/Planet.Earth.III.S01E02.mkv -> /Users/peterfaso/Desktop/PlanetEarth3/Output/Planet.Earth.III.S01E02.mp4
2024-05-21 10:54:56,101 - INFO - Starting conversion: /Users/peterfaso/Desktop/PlanetEarth3/Planet.Earth.III.S01E03.mkv -> /Users/peterfaso/Desktop/PlanetEarth3/Output/Planet.Earth.III.S01E03.mp4
2024-05-21 10:54:56,101 - INFO - Starting conversion: /Users/peterfaso/Desktop/PlanetEarth3/Planet.Earth.III.S01E04.mkv -> /Users/peterfaso/Desktop/PlanetEarth3/Output/Planet.Earth.III.S01E04.mp4
2024-05-21 10:54:56,146 - INFO - Starting conversion: /Users/peterfaso/Desktop/PlanetEarth3/Planet.Earth.III.S01E01.mkv -> /Users/peterfaso/Desktop/PlanetEarth3/Output/Planet.Earth.III.S01E01.mp4
2024-05-21 10:54:56,739 - WARNING - Invalid progress value: N/A
2024-05-21 10:54:56,740 - WARNING - Invalid progress value: N/A
2024-05-21 10:54:56,740 - WARNING - Invalid progress value: N/A
2024-05-21 10:54:57,239 - WARNING - Invalid progress value: N/A
2024-05-21 10:54:57,241 - WARNING - Invalid progress value: N/A
2024-05-21 10:54:57,241 - WARNING - Invalid progress value: N/A
2024-05-21 10:54:57,396 - WARNING - Invalid progress value: N/A
2024-05-21 10:54:57,740 - WARNING - Invalid progress value: N/A
2024-05-21 10:54:57,742 - WARNING - Invalid progress value: N/A
2024-05-21 10:54:57,742 - WARNING - Invalid progress value: N/A
2024-05-21 10:54:57,898 - WARNING - Invalid progress value: N/A
2024-05-21 10:54:58,249 - WARNING - Invalid progress value: N/A
2024-05-21 10:54:58,251 - WARNING - Invalid progress value: N/A
2024-05-21 10:54:58,252 - WARNING - Invalid progress value: N/A
2024-05-21 10:54:58,405 - WARNING - Invalid progress value: N/A
2024-05-21 10:54:58,747 - WARNING - Invalid progress value: N/A
2024-05-21 10:54:58,748 - WARNING - Invalid progress value: N/A
2024-05-21 10:54:58,752 - WARNING - Invalid progress value: N/A
2024-05-21 10:54:58,906 - WARNING - Invalid progress value: N/A
2024-05-21 10:54:59,247 - WARNING - Invalid progress value: N/A
2024-05-21 10:54:59,249 - WARNING - Invalid progress value: N/A
2024-05-21 10:54:59,252 - WARNING - Invalid progress value: N/A
2024-05-21 10:54:59,408 - WARNING - Invalid progress value: N/A
2024-05-21 10:54:59,749 - WARNING - Invalid progress value: N/A
2024-05-21 10:54:59,758 - WARNING - Invalid progress value: N/A
2024-05-21 10:54:59,760 - WARNING - Invalid progress value: N/A
2024-05-21 10:54:59,912 - WARNING - Invalid progress value: N/A
2024-05-21 10:55:00,263 - WARNING - Invalid progress value: N/A
2024-05-21 10:55:00,275 - WARNING - Invalid progress value: N/A
2024-05-21 10:55:00,281 - WARNING - Invalid progress value: N/A
2024-05-21 10:55:00,425 - WARNING - Invalid progress value: N/A
2024-05-21 10:55:00,757 - WARNING - Invalid progress value: N/A
2024-05-21 10:55:00,763 - WARNING - Invalid progress value: N/A
2024-05-21 10:55:00,765 - WARNING - Invalid progress value: N/A
2024-05-21 10:55:00,925 - WARNING - Invalid progress value: N/A
2024-05-21 10:55:01,258 - WARNING - Invalid progress value: N/A
2024-05-21 10:55:01,267 - WARNING - Invalid progress value: N/A
2024-05-21 10:55:01,269 - WARNING - Invalid progress value: N/A
2024-05-21 10:55:01,428 - WARNING - Invalid progress value: N/A
2024-05-21 10:55:01,763 - WARNING - Invalid progress value: N/A
2024-05-21 10:55:01,772 - WARNING - Invalid progress value: N/A
2024-05-21 10:55:01,774 - WARNING - Invalid progress value: N/A
2024-05-21 10:55:01,933 - WARNING - Invalid progress value: N/A
2024-05-21 10:55:02,268 - WARNING - Invalid progress value: N/A
2024-05-21 10:55:02,274 - WARNING - Invalid progress value: N/A
2024-05-21 10:55:02,276 - WARNING - Invalid progress value: N/A
2024-05-21 10:55:02,434 - WARNING - Invalid progress value: N/A
2024-05-21 10:55:02,773 - WARNING - Invalid progress value: N/A
2024-05-21 10:55:02,779 - WARNING - Invalid progress value: N/A
2024-05-21 10:55:02,781 - WARNING - Invalid progress value: N/A
2024-05-21 10:55:02,939 - WARNING - Invalid progress value: N/A
2024-05-21 10:55:03,278 - WARNING - Invalid progress value: N/A
2024-05-21 10:55:03,281 - WARNING - Invalid progress value: N/A
2024-05-21 10:55:03,285 - WARNING - Invalid progress value: N/A
2024-05-21 10:55:03,443 - WARNING - Invalid progress value: N/A
2024-05-21 10:55:03,783 - WARNING - Invalid progress value: N/A
2024-05-21 10:55:03,788 - WARNING - Invalid progress value: N/A
2024-05-21 10:55:03,789 - WARNING - Invalid progress value: N/A
2024-05-21 10:55:03,953 - WARNING - Invalid progress value: N/A
2024-05-21 10:55:04,321 - WARNING - Invalid progress value: N/A
2024-05-21 10:55:04,322 - WARNING - Invalid progress value: N/A
2024-05-21 10:55:04,329 - WARNING - Invalid progress value: N/A
2024-05-21 10:55:04,462 - WARNING - Invalid progress value: N/A
2024-05-21 10:55:04,797 - WARNING - Invalid progress value: N/A
2024-05-21 10:55:04,808 - WARNING - Invalid progress value: N/A
2024-05-21 10:55:04,808 - WARNING - Invalid progress value: N/A
2024-05-21 10:55:04,962 - WARNING - Invalid progress value: N/A
2024-05-21 10:55:05,295 - WARNING - Invalid progress value: N/A
2024-05-21 10:55:05,312 - WARNING - Invalid progress value: N/A
2024-05-21 10:55:05,315 - WARNING - Invalid progress value: N/A
2024-05-21 10:55:05,465 - WARNING - Invalid progress value: N/A
2024-05-21 10:55:05,797 - WARNING - Invalid progress value: N/A
2024-05-21 10:55:05,812 - WARNING - Invalid progress value: N/A
2024-05-21 10:55:05,814 - WARNING - Invalid progress value: N/A
2024-05-21 10:55:05,968 - WARNING - Invalid progress value: N/A
2024-05-21 10:55:06,308 - WARNING - Invalid progress value: N/A
2024-05-21 10:55:06,323 - WARNING - Invalid progress value: N/A
2024-05-21 10:55:06,324 - WARNING - Invalid progress value: N/A
2024-05-21 10:55:06,473 - WARNING - Invalid progress value: N/A
2024-05-21 10:55:06,820 - WARNING - Invalid progress value: N/A
2024-05-21 10:55:06,833 - WARNING - Invalid progress value: N/A
2024-05-21 10:55:06,837 - WARNING - Invalid progress value: N/A
2024-05-21 10:55:06,979 - WARNING - Invalid progress value: N/A
2024-05-21 10:55:07,317 - WARNING - Invalid progress value: N/A
2024-05-21 10:55:07,337 - WARNING - Invalid progress value: N/A
2024-05-21 10:55:07,338 - WARNING - Invalid progress value: N/A
2024-05-21 10:55:07,481 - WARNING - Invalid progress value: N/A
2024-05-21 10:55:07,836 - WARNING - Invalid progress value: N/A
2024-05-21 10:55:07,850 - WARNING - Invalid progress value: N/A
2024-05-21 10:55:07,850 - WARNING - Invalid progress value: N/A
2024-05-21 10:55:07,986 - WARNING - Invalid progress value: N/A
2024-05-21 10:55:08,338 - WARNING - Invalid progress value: N/A
2024-05-21 10:55:08,358 - WARNING - Invalid progress value: N/A
2024-05-21 10:55:08,369 - WARNING - Invalid progress value: N/A
2024-05-21 10:55:08,488 - WARNING - Invalid progress value: N/A
2024-05-21 10:55:08,843 - WARNING - Invalid progress value: N/A
2024-05-21 10:55:08,858 - WARNING - Invalid progress value: -40000
2024-05-21 10:55:08,862 - WARNING - Invalid progress value: N/A
2024-05-21 10:55:09,000 - WARNING - Invalid progress value: N/A
2024-05-21 10:55:09,356 - WARNING - Invalid progress value: N/A
2024-05-21 10:55:09,399 - WARNING - Invalid progress value: N/A
2024-05-21 10:55:09,504 - WARNING - Invalid progress value: N/A
2024-05-21 10:55:09,887 - WARNING - Invalid progress value: N/A
2024-05-21 10:55:10,012 - WARNING - Invalid progress value: -40000
2024-05-21 10:55:10,397 - WARNING - Invalid progress value: N/A
2024-05-21 10:55:10,901 - WARNING - Invalid progress value: -40000
2024-05-21 11:08:26,195 - INFO - Starting conversion: /Users/peterfaso/Desktop/PlanetEarth3/Planet.Earth.III.S01E02.mkv -> /Users/peterfaso/Desktop/PlanetEarth3/Output/Planet.Earth.III.S01E02.mp4
2024-05-21 11:08:26,196 - INFO - Starting conversion: /Users/peterfaso/Desktop/PlanetEarth3/Planet.Earth.III.S01E03.mkv -> /Users/peterfaso/Desktop/PlanetEarth3/Output/Planet.Earth.III.S01E03.mp4
2024-05-21 11:08:26,196 - INFO - Starting conversion: /Users/peterfaso/Desktop/PlanetEarth3/Planet.Earth.III.S01E04.mkv -> /Users/peterfaso/Desktop/PlanetEarth3/Output/Planet.Earth.III.S01E04.mp4
2024-05-21 11:08:26,242 - INFO - Starting conversion: /Users/peterfaso/Desktop/PlanetEarth3/Planet.Earth.III.S01E01.mkv -> /Users/peterfaso/Desktop/PlanetEarth3/Output/Planet.Earth.III.S01E01.mp4
2024-05-21 11:20:54,294 - INFO - Starting conversion: /Users/peterfaso/Desktop/PlanetEarth3/Planet.Earth.III.S01E02.mkv -> /Users/peterfaso/Desktop/PlanetEarth3/Output/Planet.Earth.III.S01E02.mp4
2024-05-21 11:20:54,342 - INFO - Starting conversion: /Users/peterfaso/Desktop/PlanetEarth3/Planet.Earth.III.S01E01.mkv -> /Users/peterfaso/Desktop/PlanetEarth3/Output/Planet.Earth.III.S01E01.mp4
